<project>
    <build>
        <plugins>
            <plugin>
                <groupId>com.xebia.maven.plugins</groupId>
                <artifactId>maven-dashboard-plugin</artifactId>
                <configuration>
                    <destinationFile>${project.reporting.outputDirectory}/index.html</destinationFile>
                    <xpathToDestinationNode>//div[@id='contentBox']</xpathToDestinationNode>
                    <reports>
                        <report>maven-test-report</report>
                    </reports>
                </configuration>
            </plugin>
        </plugins>
    </build>
</project>